SF:s:\OOAP_labs\spacebattle\SpaceBattle.Lib\Vector.cs
FN:10,Vector Vector::op_Addition(Vector,Vector)
FNDA:3,Vector Vector::op_Addition(Vector,Vector)
DA:11,3
DA:12,3
DA:13,9
DA:14,3
DA:15,3
FN:16,System.Boolean Vector::Equals(System.Object)
FNDA:3,System.Boolean Vector::Equals(System.Object)
DA:17,3
DA:18,3
DA:19,3
BRDA:18,2,0,3
BRDA:18,10,0,3
BRDA:18,2,1,0
BRDA:18,10,1,0
FN:20,System.Int32 Vector::GetHashCode()
FNDA:4,System.Int32 Vector::GetHashCode()
DA:21,4
DA:22,4
DA:23,8
DA:24,4
DA:26,4
DA:27,4
FN:4,System.Void Vector::.ctor(System.Int32[])
FNDA:18,System.Void Vector::.ctor(System.Int32[])
DA:5,18
DA:6,18
DA:7,18
DA:8,18
DA:9,18
LF:19
LH:19
BRF:4
BRH:2
FNF:4
FNH:4
end_of_record
SF:s:\OOAP_labs\spacebattle\SpaceBattle.Lib\MoveCommand.cs
FN:10,System.Void SpaceBattle.Lib.MoveCommand::Execute()
FNDA:5,System.Void SpaceBattle.Lib.MoveCommand::Execute()
DA:11,5
DA:12,5
DA:13,2
FN:4,System.Void SpaceBattle.Lib.MoveCommand::.ctor(SpaceBattle.Lib.IMovable)
FNDA:4,System.Void SpaceBattle.Lib.MoveCommand::.ctor(SpaceBattle.Lib.IMovable)
DA:5,4
DA:6,4
DA:7,4
DA:8,4
LF:7
LH:7
BRF:0
BRH:0
FNF:2
FNH:2
end_of_record